<?xml version="1.0" encoding="UTF-8"?>
<!-- Generated by org.testng.reporters.JUnitXMLReporter -->
<testsuite ignored="2" hostname="USPL-319" failures="0" tests="2" name="Test" time="8.111" errors="0" timestamp="2022-07-04T01:19:33 IST">
  <testcase classname="com.app.test.SignInTest" name="signIn" time="2.465"/>
  <testcase classname="com.app.test.CreateAccountTest" name="accountCreate" time="4.781"/>
  <testcase classname="com.app.test.BaseClass" name="@AfterSuite afterSuite" time="0.0">
    <ignored/>
  </testcase> <!-- @AfterSuite afterSuite -->
  <testcase classname="com.app.test.BaseClass" name="@BeforeSuite beforeSuite" time="0.0">
    <ignored/>
  </testcase> <!-- @BeforeSuite beforeSuite -->
</testsuite> <!-- Test -->
